{"numTotalTestSuites":37,"numPassedTestSuites":28,"numFailedTestSuites":9,"numPendingTestSuites":0,"numTotalTests":67,"numPassedTests":56,"numFailedTests":11,"numPendingTests":0,"numTodoTests":0,"snapshot":{"added":0,"failure":false,"filesAdded":0,"filesRemoved":0,"filesRemovedList":[],"filesUnmatched":0,"filesUpdated":0,"matched":0,"total":0,"unchecked":0,"uncheckedKeysByFile":[],"unmatched":0,"updated":0,"didUpdate":false},"startTime":1778049496717,"success":false,"testResults":[{"assertionResults":[{"ancestorTitles":[],"fullName":"api scan function runs from the free African Vercel compute region","status":"passed","title":"api scan function runs from the free African Vercel compute region","duration":7.515200000000277,"failureMessages":[],"meta":{}}],"startTime":1778049515149,"endTime":1778049515156.5151,"status":"passed","message":"","name":"C:/Users/Anael FAMENI/.gemini/antigravity/webisafe/vercel.region.test.js"},{"assertionResults":[{"ancestorTitles":["forgot-password email helpers"],"fullName":"forgot-password email helpers builds the Supabase Auth redirect URL from the current origin","status":"passed","title":"builds the Supabase Auth redirect URL from the current origin","duration":4.056999999999789,"failureMessages":[],"meta":{}},{"ancestorTitles":["forgot-password email helpers"],"fullName":"forgot-password email helpers builds the email sent to customers with the reset link","status":"passed","title":"builds the email sent to customers with the reset link","duration":1.310399999999845,"failureMessages":[],"meta":{}}],"startTime":1778049525266,"endTime":1778049525271.3103,"status":"passed","message":"","name":"C:/Users/Anael FAMENI/.gemini/antigravity/webisafe/api/forgot-password.test.js"},{"assertionResults":[{"ancestorTitles":["scan calibration and cache policy"],"fullName":"scan calibration and cache policy tries the www variant when probing a bare domain","status":"passed","title":"tries the www variant when probing a bare domain","duration":6.374499999999898,"failureMessages":[],"meta":{}},{"ancestorTitles":["scan calibration and cache policy"],"fullName":"scan calibration and cache policy bypasses cache when a fresh scan is explicitly requested","status":"passed","title":"bypasses cache when a fresh scan is explicitly requested","duration":0.8789999999999054,"failureMessages":[],"meta":{}},{"ancestorTitles":["scan calibration and cache policy"],"fullName":"scan calibration and cache policy treats cached scans without required advanced checks as stale","status":"passed","title":"treats cached scans without required advanced checks as stale","duration":0.6176999999997861,"failureMessages":[],"meta":{}},{"ancestorTitles":["scan calibration and cache policy"],"fullName":"scan calibration and cache policy accepts cached scans containing the expected advanced checks","status":"passed","title":"accepts cached scans containing the expected advanced checks","duration":1.1841000000003987,"failureMessages":[],"meta":{}},{"ancestorTitles":["scan calibration and cache policy"],"fullName":"scan calibration and cache policy does not let advanced security duplicate penalties pull HTTPS bank-grade scans below their standard score","status":"passed","title":"does not let advanced security duplicate penalties pull HTTPS bank-grade scans below their standard score","duration":2.2106000000003405,"failureMessages":[],"meta":{}},{"ancestorTitles":["scan calibration and cache policy"],"fullName":"scan calibration and cache policy marks extreme PageSpeed lab outliers as estimated instead of trusting a single very low run blindly","status":"passed","title":"marks extreme PageSpeed lab outliers as estimated instead of trusting a single very low run blindly","duration":1.4960999999993874,"failureMessages":[],"meta":{}}],"startTime":1778049523203,"endTime":1778049523216.496,"status":"passed","message":"","name":"C:/Users/Anael FAMENI/.gemini/antigravity/webisafe/api/scan.calibration.test.js"},{"assertionResults":[],"startTime":1778049496717,"endTime":1778049496717,"status":"failed","message":"Playwright Test did not expect test.describe() to be called here.\nMost common reasons include:\n- You are calling test.describe() in a configuration file.\n- You are calling test.describe() in a file that is imported by the configuration file.\n- You have two different versions of @playwright/test. This usually happens\n  when one of the dependencies in your package.json depends on @playwright/test.","name":"C:/Users/Anael FAMENI/.gemini/antigravity/webisafe/e2e/auth.spec.js"},{"assertionResults":[],"startTime":1778049496717,"endTime":1778049496717,"status":"failed","message":"Playwright Test did not expect test.describe() to be called here.\nMost common reasons include:\n- You are calling test.describe() in a configuration file.\n- You are calling test.describe() in a file that is imported by the configuration file.\n- You have two different versions of @playwright/test. This usually happens\n  when one of the dependencies in your package.json depends on @playwright/test.","name":"C:/Users/Anael FAMENI/.gemini/antigravity/webisafe/e2e/contact.spec.js"},{"assertionResults":[],"startTime":1778049496717,"endTime":1778049496717,"status":"failed","message":"Playwright Test did not expect test.describe() to be called here.\nMost common reasons include:\n- You are calling test.describe() in a configuration file.\n- You are calling test.describe() in a file that is imported by the configuration file.\n- You have two different versions of @playwright/test. This usually happens\n  when one of the dependencies in your package.json depends on @playwright/test.","name":"C:/Users/Anael FAMENI/.gemini/antigravity/webisafe/e2e/home.spec.js"},{"assertionResults":[{"ancestorTitles":[],"fullName":"SEO calibration rejects a large PageSpeed gap instead of widening the threshold","status":"passed","title":"SEO calibration rejects a large PageSpeed gap instead of widening the threshold","duration":3.396199999999908,"failureMessages":[],"meta":{}},{"ancestorTitles":[],"fullName":"SEO calibration accepts close scores","status":"passed","title":"SEO calibration accepts close scores","duration":0.4901999999999589,"failureMessages":[],"meta":{}}],"startTime":1778049530995,"endTime":1778049530999.4902,"status":"passed","message":"","name":"C:/Users/Anael FAMENI/.gemini/antigravity/webisafe/scripts/calibration.test.js"},{"assertionResults":[{"ancestorTitles":[],"fullName":"scanPerformance throws API_KEY_MISSING when the PageSpeed key is absent","status":"passed","title":"scanPerformance throws API_KEY_MISSING when the PageSpeed key is absent","duration":4.334699999999884,"failureMessages":[],"meta":{}},{"ancestorTitles":[],"fullName":"scanPerformance throws SCAN_FAILED_PAGESPEED when the PageSpeed API fails","status":"passed","title":"scanPerformance throws SCAN_FAILED_PAGESPEED when the PageSpeed API fails","duration":0.31779999999980646,"failureMessages":[],"meta":{}},{"ancestorTitles":[],"fullName":"buildPerformanceAnalysis derives findings and recommendations from real PageSpeed audits","status":"passed","title":"buildPerformanceAnalysis derives findings and recommendations from real PageSpeed audits","duration":3.8942000000001826,"failureMessages":[],"meta":{}}],"startTime":1778049514170,"endTime":1778049514178.8943,"status":"passed","message":"","name":"C:/Users/Anael FAMENI/.gemini/antigravity/webisafe/lib/scanners/performance.test.js"},{"assertionResults":[{"ancestorTitles":[],"fullName":"validateScanUrl accepts a valid https url","status":"passed","title":"validateScanUrl accepts a valid https url","duration":3.4634000000000924,"failureMessages":[],"meta":{}},{"ancestorTitles":[],"fullName":"validateScanUrl rejects unsupported protocols","status":"passed","title":"validateScanUrl rejects unsupported protocols","duration":0.9232999999999265,"failureMessages":[],"meta":{}},{"ancestorTitles":[],"fullName":"extractScanTarget derives domain and https flag","status":"passed","title":"extractScanTarget derives domain and https flag","duration":1.1667999999999665,"failureMessages":[],"meta":{}},{"ancestorTitles":[],"fullName":"isPrivateHostname detects localhost and private ipv4 targets","status":"passed","title":"isPrivateHostname detects localhost and private ipv4 targets","duration":0.7671999999997752,"failureMessages":[],"meta":{}},{"ancestorTitles":[],"fullName":"deriveGrade maps scores to the expected labels","status":"failed","title":"deriveGrade maps scores to the expected labels","duration":29.968700000000354,"failureMessages":["AssertionError [ERR_ASSERTION]: Expected values to be strictly deep-equal:\n+ actual - expected\n\n  {\n    grade: 'A',\n+   interpretation: 'Très bon - Top 25%'\n-   interpretation: 'TrÃ¨s bon - Top 25%'\n  }\n\n    at C:\\Users\\Anael FAMENI\\.gemini\\antigravity\\webisafe\\lib\\utils\\validators.test.ts:43:10\n    at file:///C:/Users/Anael%20FAMENI/.gemini/antigravity/webisafe/node_modules/@vitest/runner/dist/chunk-hooks.js:155:11\n    at file:///C:/Users/Anael%20FAMENI/.gemini/antigravity/webisafe/node_modules/@vitest/runner/dist/chunk-hooks.js:752:26\n    at file:///C:/Users/Anael%20FAMENI/.gemini/antigravity/webisafe/node_modules/@vitest/runner/dist/chunk-hooks.js:1897:20\n    at new Promise (<anonymous>)\n    at runWithTimeout (file:///C:/Users/Anael%20FAMENI/.gemini/antigravity/webisafe/node_modules/@vitest/runner/dist/chunk-hooks.js:1863:10)\n    at runTest (file:///C:/Users/Anael%20FAMENI/.gemini/antigravity/webisafe/node_modules/@vitest/runner/dist/chunk-hooks.js:1574:12)\n    at processTicksAndRejections (node:internal/process/task_queues:104:5)\n    at runSuite (file:///C:/Users/Anael%20FAMENI/.gemini/antigravity/webisafe/node_modules/@vitest/runner/dist/chunk-hooks.js:1729:8)\n    at runFiles (file:///C:/Users/Anael%20FAMENI/.gemini/antigravity/webisafe/node_modules/@vitest/runner/dist/chunk-hooks.js:1787:3)"],"meta":{}}],"startTime":1778049500628,"endTime":1778049500664.9688,"status":"failed","message":"","name":"C:/Users/Anael FAMENI/.gemini/antigravity/webisafe/lib/utils/validators.test.ts"},{"assertionResults":[{"ancestorTitles":[],"fullName":"exports null client when Supabase is not configured for local development","status":"passed","title":"exports null client when Supabase is not configured for local development","duration":352.4683,"failureMessages":[],"meta":{}}],"startTime":1778049512048,"endTime":1778049512400.4683,"status":"passed","message":"","name":"C:/Users/Anael FAMENI/.gemini/antigravity/webisafe/server/config/supabase.test.js"},{"assertionResults":[{"ancestorTitles":[],"fullName":"scans localhost without requiring a PageSpeed key in local development","status":"passed","title":"scans localhost without requiring a PageSpeed key in local development","duration":2750.9276,"failureMessages":[],"meta":{}}],"startTime":1778049508463,"endTime":1778049511213.9275,"status":"passed","message":"","name":"C:/Users/Anael FAMENI/.gemini/antigravity/webisafe/server/controllers/scanController.localhost.test.js"},{"assertionResults":[{"ancestorTitles":[],"fullName":"getPageSpeedScore reads category scores from shared Lighthouse data","status":"passed","title":"getPageSpeedScore reads category scores from shared Lighthouse data","duration":2.7598000000002685,"failureMessages":[],"meta":{}},{"ancestorTitles":[],"fullName":"buildPerformanceMetricsFromPageSpeed maps Lighthouse audits to performance metrics","status":"passed","title":"buildPerformanceMetricsFromPageSpeed maps Lighthouse audits to performance metrics","duration":0.8042000000000371,"failureMessages":[],"meta":{}}],"startTime":1778049529044,"endTime":1778049529047.8042,"status":"passed","message":"","name":"C:/Users/Anael FAMENI/.gemini/antigravity/webisafe/server/scanners/pageSpeedScanner.test.js"},{"assertionResults":[{"ancestorTitles":[],"fullName":"scanSEO uses the PageSpeed SEO score when a PageSpeed key is provided","status":"failed","title":"scanSEO uses the PageSpeed SEO score when a PageSpeed key is provided","duration":15.389400000000023,"failureMessages":["TypeError: t.after is not a function\n    at C:\\Users\\Anael FAMENI\\.gemini\\antigravity\\webisafe\\server\\scanners\\seoScanner.test.js:29:5\n    at file:///C:/Users/Anael%20FAMENI/.gemini/antigravity/webisafe/node_modules/@vitest/runner/dist/chunk-hooks.js:155:11\n    at file:///C:/Users/Anael%20FAMENI/.gemini/antigravity/webisafe/node_modules/@vitest/runner/dist/chunk-hooks.js:752:26\n    at file:///C:/Users/Anael%20FAMENI/.gemini/antigravity/webisafe/node_modules/@vitest/runner/dist/chunk-hooks.js:1897:20\n    at new Promise (<anonymous>)\n    at runWithTimeout (file:///C:/Users/Anael%20FAMENI/.gemini/antigravity/webisafe/node_modules/@vitest/runner/dist/chunk-hooks.js:1863:10)\n    at runTest (file:///C:/Users/Anael%20FAMENI/.gemini/antigravity/webisafe/node_modules/@vitest/runner/dist/chunk-hooks.js:1574:12)\n    at processTicksAndRejections (node:internal/process/task_queues:104:5)\n    at runSuite (file:///C:/Users/Anael%20FAMENI/.gemini/antigravity/webisafe/node_modules/@vitest/runner/dist/chunk-hooks.js:1729:8)\n    at runFiles (file:///C:/Users/Anael%20FAMENI/.gemini/antigravity/webisafe/node_modules/@vitest/runner/dist/chunk-hooks.js:1787:3)"],"meta":{}},{"ancestorTitles":[],"fullName":"scanSEO keeps the local HTML score as fallback when PageSpeed SEO fails","status":"failed","title":"scanSEO keeps the local HTML score as fallback when PageSpeed SEO fails","duration":1.503700000000208,"failureMessages":["TypeError: t.after is not a function\n    at C:\\Users\\Anael FAMENI\\.gemini\\antigravity\\webisafe\\server\\scanners\\seoScanner.test.js:64:5\n    at file:///C:/Users/Anael%20FAMENI/.gemini/antigravity/webisafe/node_modules/@vitest/runner/dist/chunk-hooks.js:155:11\n    at file:///C:/Users/Anael%20FAMENI/.gemini/antigravity/webisafe/node_modules/@vitest/runner/dist/chunk-hooks.js:752:26\n    at file:///C:/Users/Anael%20FAMENI/.gemini/antigravity/webisafe/node_modules/@vitest/runner/dist/chunk-hooks.js:1897:20\n    at new Promise (<anonymous>)\n    at runWithTimeout (file:///C:/Users/Anael%20FAMENI/.gemini/antigravity/webisafe/node_modules/@vitest/runner/dist/chunk-hooks.js:1863:10)\n    at runTest (file:///C:/Users/Anael%20FAMENI/.gemini/antigravity/webisafe/node_modules/@vitest/runner/dist/chunk-hooks.js:1574:12)\n    at processTicksAndRejections (node:internal/process/task_queues:104:5)\n    at runSuite (file:///C:/Users/Anael%20FAMENI/.gemini/antigravity/webisafe/node_modules/@vitest/runner/dist/chunk-hooks.js:1729:8)\n    at runFiles (file:///C:/Users/Anael%20FAMENI/.gemini/antigravity/webisafe/node_modules/@vitest/runner/dist/chunk-hooks.js:1787:3)"],"meta":{}},{"ancestorTitles":[],"fullName":"scanSEO reuses shared PageSpeed data without making a second PageSpeed request","status":"failed","title":"scanSEO reuses shared PageSpeed data without making a second PageSpeed request","duration":1.5564999999996871,"failureMessages":["TypeError: t.after is not a function\n    at C:\\Users\\Anael FAMENI\\.gemini\\antigravity\\webisafe\\server\\scanners\\seoScanner.test.js:88:5\n    at file:///C:/Users/Anael%20FAMENI/.gemini/antigravity/webisafe/node_modules/@vitest/runner/dist/chunk-hooks.js:155:11\n    at file:///C:/Users/Anael%20FAMENI/.gemini/antigravity/webisafe/node_modules/@vitest/runner/dist/chunk-hooks.js:752:26\n    at file:///C:/Users/Anael%20FAMENI/.gemini/antigravity/webisafe/node_modules/@vitest/runner/dist/chunk-hooks.js:1897:20\n    at new Promise (<anonymous>)\n    at runWithTimeout (file:///C:/Users/Anael%20FAMENI/.gemini/antigravity/webisafe/node_modules/@vitest/runner/dist/chunk-hooks.js:1863:10)\n    at runTest (file:///C:/Users/Anael%20FAMENI/.gemini/antigravity/webisafe/node_modules/@vitest/runner/dist/chunk-hooks.js:1574:12)\n    at processTicksAndRejections (node:internal/process/task_queues:104:5)\n    at runSuite (file:///C:/Users/Anael%20FAMENI/.gemini/antigravity/webisafe/node_modules/@vitest/runner/dist/chunk-hooks.js:1729:8)\n    at runFiles (file:///C:/Users/Anael%20FAMENI/.gemini/antigravity/webisafe/node_modules/@vitest/runner/dist/chunk-hooks.js:1787:3)"],"meta":{}}],"startTime":1778049505001,"endTime":1778049505019.5564,"status":"failed","message":"","name":"C:/Users/Anael FAMENI/.gemini/antigravity/webisafe/server/scanners/seoScanner.test.js"},{"assertionResults":[{"ancestorTitles":[],"fullName":"normalizes localhost without protocol to HTTP for local scans","status":"passed","title":"normalizes localhost without protocol to HTTP for local scans","duration":3.473399999999856,"failureMessages":[],"meta":{}},{"ancestorTitles":[],"fullName":"keeps public domains on HTTPS when protocol is omitted","status":"passed","title":"keeps public domains on HTTPS when protocol is omitted","duration":0.3373999999998887,"failureMessages":[],"meta":{}},{"ancestorTitles":[],"fullName":"adds www fallback probe for bare public domains","status":"passed","title":"adds www fallback probe for bare public domains","duration":2.21979999999985,"failureMessages":[],"meta":{}},{"ancestorTitles":[],"fullName":"allows localhost and loopback scan URLs","status":"passed","title":"allows localhost and loopback scan URLs","duration":0.7898000000000138,"failureMessages":[],"meta":{}}],"startTime":1778049521670,"endTime":1778049521676.7898,"status":"passed","message":"","name":"C:/Users/Anael FAMENI/.gemini/antigravity/webisafe/server/utils/validators.test.js"},{"assertionResults":[{"ancestorTitles":[],"fullName":"keeps expected Supabase account emails available","status":"passed","title":"keeps expected Supabase account emails available","duration":3.184900000000198,"failureMessages":[],"meta":{}},{"ancestorTitles":[],"fullName":"does not export local credential helpers","status":"passed","title":"does not export local credential helpers","duration":1.2548999999999069,"failureMessages":[],"meta":{}}],"startTime":1778049529728,"endTime":1778049529732.255,"status":"passed","message":"","name":"C:/Users/Anael FAMENI/.gemini/antigravity/webisafe/src/utils/adminAuth.test.js"},{"assertionResults":[{"ancestorTitles":["adminScanHistory"],"fullName":"adminScanHistory normalizes legacy local scans","status":"passed","title":"normalizes legacy local scans","duration":8.295999999999822,"failureMessages":[],"meta":{}},{"ancestorTitles":["adminScanHistory"],"fullName":"adminScanHistory merges remote scans with legacy scans and keeps remote duplicates authoritative","status":"passed","title":"merges remote scans with legacy scans and keeps remote duplicates authoritative","duration":3.6261000000001786,"failureMessages":[],"meta":{}}],"startTime":1778049519498,"endTime":1778049519510.6262,"status":"passed","message":"","name":"C:/Users/Anael FAMENI/.gemini/antigravity/webisafe/src/utils/adminScanHistory.test.js"},{"assertionResults":[{"ancestorTitles":[],"fullName":"runFullAnalysis sends localhost scans to the backend with HTTP protocol","status":"passed","title":"runFullAnalysis sends localhost scans to the backend with HTTP protocol","duration":25.400900000000092,"failureMessages":[],"meta":{}}],"startTime":1778049517566,"endTime":1778049517591.401,"status":"passed","message":"","name":"C:/Users/Anael FAMENI/.gemini/antigravity/webisafe/src/utils/api.localhost.test.js"},{"assertionResults":[{"ancestorTitles":["runFullAnalysis URL fallback"],"fullName":"runFullAnalysis URL fallback builds a www fallback for bare public domains","status":"passed","title":"builds a www fallback for bare public domains","duration":5.910900000000083,"failureMessages":[],"meta":{}},{"ancestorTitles":["runFullAnalysis URL fallback"],"fullName":"runFullAnalysis URL fallback retries with www when the first scan request says the site is unreachable","status":"passed","title":"retries with www when the first scan request says the site is unreachable","duration":23.048099999999977,"failureMessages":[],"meta":{}}],"startTime":1778049513411,"endTime":1778049513441.048,"status":"passed","message":"","name":"C:/Users/Anael FAMENI/.gemini/antigravity/webisafe/src/utils/api.retry.test.js"},{"assertionResults":[{"ancestorTitles":[],"fullName":"builds pack improvements from scan recommendations without listing unrelated fixes","status":"passed","title":"builds pack improvements from scan recommendations without listing unrelated fixes","duration":6.874299999999948,"failureMessages":[],"meta":{}},{"ancestorTitles":[],"fullName":"falls back to coherent default improvements when no scan recommendations are available","status":"failed","title":"falls back to coherent default improvements when no scan recommendations are available","duration":33.985299999999825,"failureMessages":["AssertionError [ERR_ASSERTION]: The expression evaluated to a falsy value:\n\n  ok(packs.standard.some((item) => item.includes('sÃ©curitÃ©')))\n\n    at C:\\Users\\Anael FAMENI\\.gemini\\antigravity\\webisafe\\src\\utils\\correctionPacks.test.js:39:10\n    at file:///C:/Users/Anael%20FAMENI/.gemini/antigravity/webisafe/node_modules/@vitest/runner/dist/chunk-hooks.js:155:11\n    at file:///C:/Users/Anael%20FAMENI/.gemini/antigravity/webisafe/node_modules/@vitest/runner/dist/chunk-hooks.js:752:26\n    at file:///C:/Users/Anael%20FAMENI/.gemini/antigravity/webisafe/node_modules/@vitest/runner/dist/chunk-hooks.js:1897:20\n    at new Promise (<anonymous>)\n    at runWithTimeout (file:///C:/Users/Anael%20FAMENI/.gemini/antigravity/webisafe/node_modules/@vitest/runner/dist/chunk-hooks.js:1863:10)\n    at runTest (file:///C:/Users/Anael%20FAMENI/.gemini/antigravity/webisafe/node_modules/@vitest/runner/dist/chunk-hooks.js:1574:12)\n    at processTicksAndRejections (node:internal/process/task_queues:104:5)\n    at runSuite (file:///C:/Users/Anael%20FAMENI/.gemini/antigravity/webisafe/node_modules/@vitest/runner/dist/chunk-hooks.js:1729:8)\n    at runFiles (file:///C:/Users/Anael%20FAMENI/.gemini/antigravity/webisafe/node_modules/@vitest/runner/dist/chunk-hooks.js:1787:3)"],"meta":{}}],"startTime":1778049500300,"endTime":1778049500340.9854,"status":"failed","message":"","name":"C:/Users/Anael FAMENI/.gemini/antigravity/webisafe/src/utils/correctionPacks.test.js"},{"assertionResults":[{"ancestorTitles":[],"fullName":"shouldShowDashboardWelcome returns true only for signup welcome state","status":"passed","title":"shouldShowDashboardWelcome returns true only for signup welcome state","duration":6.051300000000083,"failureMessages":[],"meta":{}}],"startTime":1778049531153,"endTime":1778049531159.0513,"status":"passed","message":"","name":"C:/Users/Anael FAMENI/.gemini/antigravity/webisafe/src/utils/dashboardWelcome.test.js"},{"assertionResults":[{"ancestorTitles":[],"fullName":"sanitizePdfText preserves French accents while removing unsupported symbols","status":"passed","title":"sanitizePdfText preserves French accents while removing unsupported symbols","duration":6.024799999999686,"failureMessages":[],"meta":{}},{"ancestorTitles":[],"fullName":"buildPdfFilename creates a stable downloadable filename","status":"passed","title":"buildPdfFilename creates a stable downloadable filename","duration":76.77040000000034,"failureMessages":[],"meta":{}},{"ancestorTitles":[],"fullName":"buildPdfFilename extracts a clean domain when only a URL is provided","status":"passed","title":"buildPdfFilename extracts a clean domain when only a URL is provided","duration":0.6199000000001433,"failureMessages":[],"meta":{}},{"ancestorTitles":[],"fullName":"buildPdfAuditModel keeps all important UI report metrics and explanations","status":"passed","title":"buildPdfAuditModel keeps all important UI report metrics and explanations","duration":154.4979000000003,"failureMessages":[],"meta":{}}],"startTime":1778049510765,"endTime":1778049511002.4978,"status":"passed","message":"","name":"C:/Users/Anael FAMENI/.gemini/antigravity/webisafe/src/utils/generatePDF.test.js"},{"assertionResults":[{"ancestorTitles":[],"fullName":"buildAdminPaymentNotificationEmail builds the admin alert email with the expected CTA","status":"failed","title":"buildAdminPaymentNotificationEmail builds the admin alert email with the expected CTA","duration":28.922599999999875,"failureMessages":["AssertionError [ERR_ASSERTION]: Expected values to be strictly equal:\n+ actual - expected\n\n+ '🔔 [ACTION REQUISE] Nouveau paiement Wave — WBS-1234-ABCD'\n- 'ðŸ”” [ACTION REQUISE] Nouveau paiement Wave â€” WBS-1234-ABCD'\n\n    at C:\\Users\\Anael FAMENI\\.gemini\\antigravity\\webisafe\\src\\utils\\paymentEmails.test.js:21:10\n    at file:///C:/Users/Anael%20FAMENI/.gemini/antigravity/webisafe/node_modules/@vitest/runner/dist/chunk-hooks.js:155:11\n    at file:///C:/Users/Anael%20FAMENI/.gemini/antigravity/webisafe/node_modules/@vitest/runner/dist/chunk-hooks.js:752:26\n    at file:///C:/Users/Anael%20FAMENI/.gemini/antigravity/webisafe/node_modules/@vitest/runner/dist/chunk-hooks.js:1897:20\n    at new Promise (<anonymous>)\n    at runWithTimeout (file:///C:/Users/Anael%20FAMENI/.gemini/antigravity/webisafe/node_modules/@vitest/runner/dist/chunk-hooks.js:1863:10)\n    at runTest (file:///C:/Users/Anael%20FAMENI/.gemini/antigravity/webisafe/node_modules/@vitest/runner/dist/chunk-hooks.js:1574:12)\n    at processTicksAndRejections (node:internal/process/task_queues:104:5)\n    at runSuite (file:///C:/Users/Anael%20FAMENI/.gemini/antigravity/webisafe/node_modules/@vitest/runner/dist/chunk-hooks.js:1729:8)\n    at runFiles (file:///C:/Users/Anael%20FAMENI/.gemini/antigravity/webisafe/node_modules/@vitest/runner/dist/chunk-hooks.js:1787:3)"],"meta":{}},{"ancestorTitles":[],"fullName":"buildPaymentConfirmedEmail builds the premium report email for the client","status":"failed","title":"buildPaymentConfirmedEmail builds the premium report email for the client","duration":3.588600000000042,"failureMessages":["AssertionError [ERR_ASSERTION]: Expected values to be strictly equal:\n+ actual - expected\n\n+ '✅ Votre rapport Webisafe est prêt !'\n- 'âœ… Votre rapport Webisafe est prÃªt !'\n\n    at C:\\Users\\Anael FAMENI\\.gemini\\antigravity\\webisafe\\src\\utils\\paymentEmails.test.js:39:10\n    at file:///C:/Users/Anael%20FAMENI/.gemini/antigravity/webisafe/node_modules/@vitest/runner/dist/chunk-hooks.js:155:11\n    at file:///C:/Users/Anael%20FAMENI/.gemini/antigravity/webisafe/node_modules/@vitest/runner/dist/chunk-hooks.js:752:26\n    at file:///C:/Users/Anael%20FAMENI/.gemini/antigravity/webisafe/node_modules/@vitest/runner/dist/chunk-hooks.js:1897:20\n    at new Promise (<anonymous>)\n    at runWithTimeout (file:///C:/Users/Anael%20FAMENI/.gemini/antigravity/webisafe/node_modules/@vitest/runner/dist/chunk-hooks.js:1863:10)\n    at runTest (file:///C:/Users/Anael%20FAMENI/.gemini/antigravity/webisafe/node_modules/@vitest/runner/dist/chunk-hooks.js:1574:12)\n    at processTicksAndRejections (node:internal/process/task_queues:104:5)\n    at runSuite (file:///C:/Users/Anael%20FAMENI/.gemini/antigravity/webisafe/node_modules/@vitest/runner/dist/chunk-hooks.js:1729:8)\n    at runFiles (file:///C:/Users/Anael%20FAMENI/.gemini/antigravity/webisafe/node_modules/@vitest/runner/dist/chunk-hooks.js:1787:3)"],"meta":{}},{"ancestorTitles":[],"fullName":"buildPaymentRejectedEmail builds the rejection email with support contacts","status":"failed","title":"buildPaymentRejectedEmail builds the rejection email with support contacts","duration":3.161200000000008,"failureMessages":["AssertionError [ERR_ASSERTION]: Expected values to be strictly equal:\n+ actual - expected\n\n+ '⚠️ Paiement non confirmé — Webisafe'\n- 'âš ï¸\\x8F Paiement non confirmÃ© â€” Webisafe'\n\n    at C:\\Users\\Anael FAMENI\\.gemini\\antigravity\\webisafe\\src\\utils\\paymentEmails.test.js:54:10\n    at file:///C:/Users/Anael%20FAMENI/.gemini/antigravity/webisafe/node_modules/@vitest/runner/dist/chunk-hooks.js:155:11\n    at file:///C:/Users/Anael%20FAMENI/.gemini/antigravity/webisafe/node_modules/@vitest/runner/dist/chunk-hooks.js:752:26\n    at file:///C:/Users/Anael%20FAMENI/.gemini/antigravity/webisafe/node_modules/@vitest/runner/dist/chunk-hooks.js:1897:20\n    at new Promise (<anonymous>)\n    at runWithTimeout (file:///C:/Users/Anael%20FAMENI/.gemini/antigravity/webisafe/node_modules/@vitest/runner/dist/chunk-hooks.js:1863:10)\n    at runTest (file:///C:/Users/Anael%20FAMENI/.gemini/antigravity/webisafe/node_modules/@vitest/runner/dist/chunk-hooks.js:1574:12)\n    at processTicksAndRejections (node:internal/process/task_queues:104:5)\n    at runSuite (file:///C:/Users/Anael%20FAMENI/.gemini/antigravity/webisafe/node_modules/@vitest/runner/dist/chunk-hooks.js:1729:8)\n    at runFiles (file:///C:/Users/Anael%20FAMENI/.gemini/antigravity/webisafe/node_modules/@vitest/runner/dist/chunk-hooks.js:1787:3)"],"meta":{}}],"startTime":1778049502304,"endTime":1778049502340.1611,"status":"failed","message":"","name":"C:/Users/Anael FAMENI/.gemini/antigravity/webisafe/src/utils/paymentEmails.test.js"},{"assertionResults":[{"ancestorTitles":[],"fullName":"mergePaymentRequests keeps the latest merged set sorted by creation date","status":"passed","title":"mergePaymentRequests keeps the latest merged set sorted by creation date","duration":2.80399999999986,"failureMessages":[],"meta":{}}],"startTime":1778049532082,"endTime":1778049532084.804,"status":"passed","message":"","name":"C:/Users/Anael FAMENI/.gemini/antigravity/webisafe/src/utils/paymentRequestsCache.test.js"},{"assertionResults":[{"ancestorTitles":[],"fullName":"builds the Wave payment notification toast with success wording and 5s duration","status":"failed","title":"builds the Wave payment notification toast with success wording and 5s duration","duration":28.5933,"failureMessages":["AssertionError [ERR_ASSERTION]: Expected values to be strictly deep-equal:\n+ actual - expected\n\n  {\n    duration: 5000,\n+   message: 'La demande a bien été enregistrée et la notification est partie.',\n-   message: 'La demande a bien Ã©tÃ© enregistrÃ©e et la notification est partie.',\n    type: 'success'\n  }\n\n    at C:\\Users\\Anael FAMENI\\.gemini\\antigravity\\webisafe\\src\\utils\\paymentToast.test.js:7:10\n    at file:///C:/Users/Anael%20FAMENI/.gemini/antigravity/webisafe/node_modules/@vitest/runner/dist/chunk-hooks.js:155:11\n    at file:///C:/Users/Anael%20FAMENI/.gemini/antigravity/webisafe/node_modules/@vitest/runner/dist/chunk-hooks.js:752:26\n    at file:///C:/Users/Anael%20FAMENI/.gemini/antigravity/webisafe/node_modules/@vitest/runner/dist/chunk-hooks.js:1897:20\n    at new Promise (<anonymous>)\n    at runWithTimeout (file:///C:/Users/Anael%20FAMENI/.gemini/antigravity/webisafe/node_modules/@vitest/runner/dist/chunk-hooks.js:1863:10)\n    at runTest (file:///C:/Users/Anael%20FAMENI/.gemini/antigravity/webisafe/node_modules/@vitest/runner/dist/chunk-hooks.js:1574:12)\n    at processTicksAndRejections (node:internal/process/task_queues:104:5)\n    at runSuite (file:///C:/Users/Anael%20FAMENI/.gemini/antigravity/webisafe/node_modules/@vitest/runner/dist/chunk-hooks.js:1729:8)\n    at runFiles (file:///C:/Users/Anael%20FAMENI/.gemini/antigravity/webisafe/node_modules/@vitest/runner/dist/chunk-hooks.js:1787:3)"],"meta":{}}],"startTime":1778049502300,"endTime":1778049502328.5933,"status":"failed","message":"","name":"C:/Users/Anael FAMENI/.gemini/antigravity/webisafe/src/utils/paymentToast.test.js"},{"assertionResults":[{"ancestorTitles":[],"fullName":"exposes a comprehensive country list and a default selection","status":"failed","title":"exposes a comprehensive country list and a default selection","duration":62.3159999999998,"failureMessages":["AssertionError [ERR_ASSERTION]: Expected values to be strictly deep-equal:\n+ actual - expected\n\n  {\n    code: 'CI',\n    dialCode: '+225',\n+   name: 'Côte d’Ivoire'\n-   name: 'CÃ´te dâ€™Ivoire'\n  }\n\n    at C:\\Users\\Anael FAMENI\\.gemini\\antigravity\\webisafe\\src\\utils\\phoneCountries.test.js:16:10\n    at file:///C:/Users/Anael%20FAMENI/.gemini/antigravity/webisafe/node_modules/@vitest/runner/dist/chunk-hooks.js:155:11\n    at file:///C:/Users/Anael%20FAMENI/.gemini/antigravity/webisafe/node_modules/@vitest/runner/dist/chunk-hooks.js:752:26\n    at file:///C:/Users/Anael%20FAMENI/.gemini/antigravity/webisafe/node_modules/@vitest/runner/dist/chunk-hooks.js:1897:20\n    at new Promise (<anonymous>)\n    at runWithTimeout (file:///C:/Users/Anael%20FAMENI/.gemini/antigravity/webisafe/node_modules/@vitest/runner/dist/chunk-hooks.js:1863:10)\n    at runTest (file:///C:/Users/Anael%20FAMENI/.gemini/antigravity/webisafe/node_modules/@vitest/runner/dist/chunk-hooks.js:1574:12)\n    at processTicksAndRejections (node:internal/process/task_queues:104:5)\n    at runSuite (file:///C:/Users/Anael%20FAMENI/.gemini/antigravity/webisafe/node_modules/@vitest/runner/dist/chunk-hooks.js:1729:8)\n    at runFiles (file:///C:/Users/Anael%20FAMENI/.gemini/antigravity/webisafe/node_modules/@vitest/runner/dist/chunk-hooks.js:1787:3)"],"meta":{}},{"ancestorTitles":[],"fullName":"normalizes local phone digits and builds an international number","status":"failed","title":"normalizes local phone digits and builds an international number","duration":13.4074999999998,"failureMessages":["AssertionError [ERR_ASSERTION]: Expected values to be strictly equal:\n+ actual - expected\n\n+ '+2250700000000'\n- '+2250595335662'\n        ^\n\n    at C:\\Users\\Anael FAMENI\\.gemini\\antigravity\\webisafe\\src\\utils\\phoneCountries.test.js:35:10\n    at file:///C:/Users/Anael%20FAMENI/.gemini/antigravity/webisafe/node_modules/@vitest/runner/dist/chunk-hooks.js:155:11\n    at file:///C:/Users/Anael%20FAMENI/.gemini/antigravity/webisafe/node_modules/@vitest/runner/dist/chunk-hooks.js:752:26\n    at file:///C:/Users/Anael%20FAMENI/.gemini/antigravity/webisafe/node_modules/@vitest/runner/dist/chunk-hooks.js:1897:20\n    at new Promise (<anonymous>)\n    at runWithTimeout (file:///C:/Users/Anael%20FAMENI/.gemini/antigravity/webisafe/node_modules/@vitest/runner/dist/chunk-hooks.js:1863:10)\n    at runTest (file:///C:/Users/Anael%20FAMENI/.gemini/antigravity/webisafe/node_modules/@vitest/runner/dist/chunk-hooks.js:1574:12)\n    at processTicksAndRejections (node:internal/process/task_queues:104:5)\n    at runSuite (file:///C:/Users/Anael%20FAMENI/.gemini/antigravity/webisafe/node_modules/@vitest/runner/dist/chunk-hooks.js:1729:8)\n    at runFiles (file:///C:/Users/Anael%20FAMENI/.gemini/antigravity/webisafe/node_modules/@vitest/runner/dist/chunk-hooks.js:1787:3)"],"meta":{}},{"ancestorTitles":[],"fullName":"builds flag image urls from ISO country codes","status":"passed","title":"builds flag image urls from ISO country codes","duration":0.9708999999998014,"failureMessages":[],"meta":{}},{"ancestorTitles":[],"fullName":"keeps countries sorted from A to Z by display name","status":"passed","title":"keeps countries sorted from A to Z by display name","duration":10.247499999999945,"failureMessages":[],"meta":{}}],"startTime":1778049500350,"endTime":1778049500438.2476,"status":"failed","message":"","name":"C:/Users/Anael FAMENI/.gemini/antigravity/webisafe/src/utils/phoneCountries.test.js"},{"assertionResults":[{"ancestorTitles":[],"fullName":"maps only validated payments that match local scans","status":"passed","title":"maps only validated payments that match local scans","duration":5.14689999999996,"failureMessages":[],"meta":{}}],"startTime":1778049526498,"endTime":1778049526503.147,"status":"passed","message":"","name":"C:/Users/Anael FAMENI/.gemini/antigravity/webisafe/src/utils/premiumAccess.test.js"},{"assertionResults":[{"ancestorTitles":[],"fullName":"builds an introduction, numbered issue paragraphs, and a persuasive action plan","status":"passed","title":"builds an introduction, numbered issue paragraphs, and a persuasive action plan","duration":7.001199999999926,"failureMessages":[],"meta":{}}],"startTime":1778049527314,"endTime":1778049527321.0012,"status":"passed","message":"","name":"C:/Users/Anael FAMENI/.gemini/antigravity/webisafe/src/utils/premiumExplanation.test.js"},{"assertionResults":[{"ancestorTitles":[],"fullName":"builds a three-paragraph conclusion coherent with weak results and free scan limits","status":"passed","title":"builds a three-paragraph conclusion coherent with weak results and free scan limits","duration":5.453299999999672,"failureMessages":[],"meta":{}},{"ancestorTitles":[],"fullName":"keeps the conclusion business-oriented even with fewer critical issues","status":"passed","title":"keeps the conclusion business-oriented even with fewer critical issues","duration":0.8348000000000866,"failureMessages":[],"meta":{}}],"startTime":1778049526680,"endTime":1778049526686.8347,"status":"passed","message":"","name":"C:/Users/Anael FAMENI/.gemini/antigravity/webisafe/src/utils/scanConclusion.test.js"},{"assertionResults":[{"ancestorTitles":["free scan navigation"],"fullName":"free scan navigation marks explicit Scanner Gratuitement submissions as fresh scans","status":"passed","title":"marks explicit Scanner Gratuitement submissions as fresh scans","duration":4.233999999999924,"failureMessages":[],"meta":{}},{"ancestorTitles":["free scan navigation"],"fullName":"free scan navigation detects and strips the one-time fresh scan marker without losing url or email","status":"passed","title":"detects and strips the one-time fresh scan marker without losing url or email","duration":1.2958000000003267,"failureMessages":[],"meta":{}},{"ancestorTitles":["free scan navigation"],"fullName":"free scan navigation does not force a scan when returning to an audit URL without marker","status":"passed","title":"does not force a scan when returning to an audit URL without marker","duration":0.6678999999999178,"failureMessages":[],"meta":{}}],"startTime":1778049516226,"endTime":1778049516231.668,"status":"passed","message":"","name":"C:/Users/Anael FAMENI/.gemini/antigravity/webisafe/src/utils/scanNavigation.test.js"},{"assertionResults":[{"ancestorTitles":[],"fullName":"buildSignupRecord maps signup coordinates for Supabase storage","status":"passed","title":"buildSignupRecord maps signup coordinates for Supabase storage","duration":5.103399999999965,"failureMessages":[],"meta":{}},{"ancestorTitles":[],"fullName":"persistSignupRecord inserts the record into the signups table","status":"passed","title":"persistSignupRecord inserts the record into the signups table","duration":3.598099999999704,"failureMessages":[],"meta":{}}],"startTime":1778049523906,"endTime":1778049523914.5981,"status":"passed","message":"","name":"C:/Users/Anael FAMENI/.gemini/antigravity/webisafe/src/utils/signupPersistence.test.js"},{"assertionResults":[{"ancestorTitles":[],"fullName":"text content in src/pages/Dashboard.jsx does not contain mojibake sequences","status":"passed","title":"text content in src/pages/Dashboard.jsx does not contain mojibake sequences","duration":4.054599999999937,"failureMessages":[],"meta":{}},{"ancestorTitles":[],"fullName":"text content in src/hooks/useAuth.js does not contain mojibake sequences","status":"passed","title":"text content in src/hooks/useAuth.js does not contain mojibake sequences","duration":0.7489999999997963,"failureMessages":[],"meta":{}}],"startTime":1778049516852,"endTime":1778049516856.749,"status":"passed","message":"","name":"C:/Users/Anael FAMENI/.gemini/antigravity/webisafe/src/utils/textEncoding.test.js"},{"assertionResults":[{"ancestorTitles":[],"fullName":"normalizes localhost without protocol to HTTP for local scans","status":"passed","title":"normalizes localhost without protocol to HTTP for local scans","duration":3.638300000000072,"failureMessages":[],"meta":{}},{"ancestorTitles":[],"fullName":"keeps public domains on HTTPS when protocol is omitted","status":"passed","title":"keeps public domains on HTTPS when protocol is omitted","duration":0.3188999999999851,"failureMessages":[],"meta":{}},{"ancestorTitles":[],"fullName":"accepts localhost URLs as valid scan targets","status":"passed","title":"accepts localhost URLs as valid scan targets","duration":0.3833999999999378,"failureMessages":[],"meta":{}}],"startTime":1778049518789,"endTime":1778049518793.3833,"status":"passed","message":"","name":"C:/Users/Anael FAMENI/.gemini/antigravity/webisafe/src/utils/validators.test.js"}]}